distributed.nanny - INFO -         Start Nanny at: 'tcp://10.99.101.60:35456'
distributed.nanny - INFO -         Start Nanny at: 'tcp://10.99.101.60:43585'
distributed.nanny - INFO -         Start Nanny at: 'tcp://10.99.101.60:45849'
distributed.nanny - INFO -         Start Nanny at: 'tcp://10.99.101.60:46703'
distributed.nanny - INFO -         Start Nanny at: 'tcp://10.99.101.60:45931'
distributed.nanny - INFO -         Start Nanny at: 'tcp://10.99.101.60:33859'
distributed.nanny - INFO -         Start Nanny at: 'tcp://10.99.101.60:38413'
distributed.nanny - INFO -         Start Nanny at: 'tcp://10.99.101.60:32924'
distributed.nanny - INFO -         Start Nanny at: 'tcp://10.99.101.60:38974'
distributed.nanny - INFO -         Start Nanny at: 'tcp://10.99.101.60:43376'
distributed.diskutils - INFO - Found stale lock file and directory '/home/mittal.nit/projects/yelp_reviews_preprocessing/notebooks/dask-worker-space/worker-6zrksx36', purging
distributed.diskutils - INFO - Found stale lock file and directory '/home/mittal.nit/projects/yelp_reviews_preprocessing/notebooks/dask-worker-space/worker-x2muo7_0', purging
distributed.diskutils - INFO - Found stale lock file and directory '/home/mittal.nit/projects/yelp_reviews_preprocessing/notebooks/dask-worker-space/worker-lf_vmlpb', purging
distributed.diskutils - INFO - Found stale lock file and directory '/home/mittal.nit/projects/yelp_reviews_preprocessing/notebooks/dask-worker-space/worker-frzh3ifc', purging
distributed.diskutils - INFO - Found stale lock file and directory '/home/mittal.nit/projects/yelp_reviews_preprocessing/notebooks/dask-worker-space/worker-xnsfpeua', purging
distributed.diskutils - INFO - Found stale lock file and directory '/home/mittal.nit/projects/yelp_reviews_preprocessing/notebooks/dask-worker-space/worker-76ai36_l', purging
distributed.diskutils - INFO - Found stale lock file and directory '/home/mittal.nit/projects/yelp_reviews_preprocessing/notebooks/dask-worker-space/worker-z1lnck2f', purging
distributed.diskutils - INFO - Found stale lock file and directory '/home/mittal.nit/projects/yelp_reviews_preprocessing/notebooks/dask-worker-space/worker-fr1iy8tu', purging
distributed.diskutils - INFO - Found stale lock file and directory '/home/mittal.nit/projects/yelp_reviews_preprocessing/notebooks/dask-worker-space/worker-inqkvvf2', purging
distributed.diskutils - INFO - Found stale lock file and directory '/home/mittal.nit/projects/yelp_reviews_preprocessing/notebooks/dask-worker-space/worker-am69nnu9', purging
distributed.worker - INFO -       Start worker at:   tcp://10.99.101.60:44999
distributed.worker - INFO -       Start worker at:   tcp://10.99.101.60:37543
distributed.worker - INFO -          Listening to:   tcp://10.99.101.60:44999
distributed.worker - INFO -          Listening to:   tcp://10.99.101.60:37543
distributed.worker - INFO -          dashboard at:         10.99.101.60:38737
distributed.worker - INFO -       Start worker at:   tcp://10.99.101.60:42495
distributed.worker - INFO -          dashboard at:         10.99.101.60:36827
distributed.worker - INFO - Waiting to connect to:   tcp://10.99.101.32:35503
distributed.worker - INFO -          Listening to:   tcp://10.99.101.60:42495
distributed.worker - INFO - -------------------------------------------------
distributed.worker - INFO - Waiting to connect to:   tcp://10.99.101.32:35503
distributed.worker - INFO - -------------------------------------------------
distributed.worker - INFO -          dashboard at:         10.99.101.60:44255
distributed.worker - INFO -       Start worker at:   tcp://10.99.101.60:45257
distributed.worker - INFO - Waiting to connect to:   tcp://10.99.101.32:35503
distributed.worker - INFO -               Threads:                          5
distributed.worker - INFO -          Listening to:   tcp://10.99.101.60:45257
distributed.worker - INFO - -------------------------------------------------
distributed.worker - INFO -               Threads:                          5
distributed.worker - INFO -       Start worker at:   tcp://10.99.101.60:33391
distributed.worker - INFO -          dashboard at:         10.99.101.60:33683
distributed.worker - INFO -                Memory:                   9.31 GiB
distributed.worker - INFO -                Memory:                   9.31 GiB
distributed.worker - INFO -       Start worker at:   tcp://10.99.101.60:33179
distributed.worker - INFO -          Listening to:   tcp://10.99.101.60:33391
distributed.worker - INFO -               Threads:                          5
distributed.worker - INFO - Waiting to connect to:   tcp://10.99.101.32:35503
distributed.worker - INFO -       Local Directory: /home/mittal.nit/projects/yelp_reviews_preprocessing/notebooks/dask-worker-space/worker-7mipjt5l
distributed.worker - INFO -       Local Directory: /home/mittal.nit/projects/yelp_reviews_preprocessing/notebooks/dask-worker-space/worker-hu9fwnp2
distributed.worker - INFO -       Start worker at:   tcp://10.99.101.60:45191
distributed.worker - INFO - -------------------------------------------------
distributed.worker - INFO -          dashboard at:         10.99.101.60:38584
distributed.worker - INFO -          Listening to:   tcp://10.99.101.60:33179
distributed.worker - INFO -                Memory:                   9.31 GiB
distributed.worker - INFO -          Listening to:   tcp://10.99.101.60:45191
distributed.worker - INFO - -------------------------------------------------
distributed.worker - INFO - -------------------------------------------------
distributed.worker - INFO -       Local Directory: /home/mittal.nit/projects/yelp_reviews_preprocessing/notebooks/dask-worker-space/worker-wgy_r848
distributed.worker - INFO - Waiting to connect to:   tcp://10.99.101.32:35503
distributed.worker - INFO -          dashboard at:         10.99.101.60:45536
distributed.worker - INFO -               Threads:                          5
distributed.worker - INFO -          dashboard at:         10.99.101.60:33907
distributed.worker - INFO - -------------------------------------------------
distributed.worker - INFO - Waiting to connect to:   tcp://10.99.101.32:35503
distributed.worker - INFO - -------------------------------------------------
distributed.worker - INFO - -------------------------------------------------
distributed.worker - INFO - Waiting to connect to:   tcp://10.99.101.32:35503
distributed.worker - INFO -                Memory:                   9.31 GiB
distributed.worker - INFO - -------------------------------------------------
distributed.worker - INFO -       Local Directory: /home/mittal.nit/projects/yelp_reviews_preprocessing/notebooks/dask-worker-space/worker-5wlb3axr
distributed.worker - INFO -               Threads:                          5
distributed.worker - INFO -       Start worker at:   tcp://10.99.101.60:36769
distributed.worker - INFO -                Memory:                   9.31 GiB
distributed.worker - INFO - -------------------------------------------------
distributed.worker - INFO -               Threads:                          5
distributed.worker - INFO -          Listening to:   tcp://10.99.101.60:36769
distributed.worker - INFO -       Local Directory: /home/mittal.nit/projects/yelp_reviews_preprocessing/notebooks/dask-worker-space/worker-_00kd8dk
distributed.worker - INFO -                Memory:                   9.31 GiB
distributed.worker - INFO -          dashboard at:         10.99.101.60:42718
distributed.worker - INFO -       Local Directory: /home/mittal.nit/projects/yelp_reviews_preprocessing/notebooks/dask-worker-space/worker-evi2jipu
distributed.worker - INFO - Waiting to connect to:   tcp://10.99.101.32:35503
distributed.worker - INFO - -------------------------------------------------
distributed.worker - INFO -               Threads:                          5
distributed.worker - INFO - -------------------------------------------------
distributed.worker - INFO - -------------------------------------------------
distributed.worker - INFO -                Memory:                   9.31 GiB
distributed.worker - INFO -               Threads:                          5
distributed.worker - INFO -       Local Directory: /home/mittal.nit/projects/yelp_reviews_preprocessing/notebooks/dask-worker-space/worker-1ali5gdt
distributed.worker - INFO -                Memory:                   9.31 GiB
distributed.worker - INFO -       Local Directory: /home/mittal.nit/projects/yelp_reviews_preprocessing/notebooks/dask-worker-space/worker-6uaubwh2
distributed.worker - INFO - -------------------------------------------------
distributed.worker - INFO - -------------------------------------------------
distributed.worker - INFO -       Start worker at:   tcp://10.99.101.60:43526
distributed.worker - INFO -          Listening to:   tcp://10.99.101.60:43526
distributed.worker - INFO -          dashboard at:         10.99.101.60:43506
distributed.worker - INFO - Waiting to connect to:   tcp://10.99.101.32:35503
distributed.worker - INFO - -------------------------------------------------
distributed.worker - INFO -               Threads:                          5
distributed.worker - INFO -                Memory:                   9.31 GiB
distributed.worker - INFO -       Local Directory: /home/mittal.nit/projects/yelp_reviews_preprocessing/notebooks/dask-worker-space/worker-w35xnob3
distributed.worker - INFO - -------------------------------------------------
distributed.worker - INFO -         Registered to:   tcp://10.99.101.32:35503
distributed.worker - INFO - -------------------------------------------------
distributed.core - INFO - Starting established connection
distributed.worker - INFO -       Start worker at:   tcp://10.99.101.60:36376
distributed.worker - INFO -          Listening to:   tcp://10.99.101.60:36376
distributed.worker - INFO -          dashboard at:         10.99.101.60:38575
distributed.worker - INFO - Waiting to connect to:   tcp://10.99.101.32:35503
distributed.worker - INFO - -------------------------------------------------
distributed.worker - INFO -               Threads:                          5
distributed.worker - INFO -                Memory:                   9.31 GiB
distributed.worker - INFO -       Local Directory: /home/mittal.nit/projects/yelp_reviews_preprocessing/notebooks/dask-worker-space/worker-5w2clf5m
distributed.worker - INFO - -------------------------------------------------
distributed.worker - INFO -         Registered to:   tcp://10.99.101.32:35503
distributed.worker - INFO - -------------------------------------------------
distributed.core - INFO - Starting established connection
distributed.worker - INFO -         Registered to:   tcp://10.99.101.32:35503
distributed.worker - INFO - -------------------------------------------------
distributed.core - INFO - Starting established connection
distributed.worker - INFO -         Registered to:   tcp://10.99.101.32:35503
distributed.worker - INFO - -------------------------------------------------
distributed.core - INFO - Starting established connection
distributed.worker - INFO -         Registered to:   tcp://10.99.101.32:35503
distributed.worker - INFO - -------------------------------------------------
distributed.core - INFO - Starting established connection
distributed.worker - INFO -         Registered to:   tcp://10.99.101.32:35503
distributed.worker - INFO - -------------------------------------------------
distributed.core - INFO - Starting established connection
distributed.worker - INFO -         Registered to:   tcp://10.99.101.32:35503
distributed.worker - INFO - -------------------------------------------------
distributed.core - INFO - Starting established connection
distributed.worker - INFO -         Registered to:   tcp://10.99.101.32:35503
distributed.worker - INFO - -------------------------------------------------
distributed.core - INFO - Starting established connection
distributed.worker - INFO -         Registered to:   tcp://10.99.101.32:35503
distributed.worker - INFO - -------------------------------------------------
distributed.core - INFO - Starting established connection
distributed.worker - INFO -         Registered to:   tcp://10.99.101.32:35503
distributed.worker - INFO - -------------------------------------------------
distributed.core - INFO - Starting established connection
distributed.core - INFO - Event loop was unresponsive in Worker for 3.05s.  This is often caused by long-running GIL-holding functions or moving large chunks of data. This can cause timeouts and instability.
distributed.utils_perf - INFO - full garbage collection released 24.25 MiB from 0 reference cycles (threshold: 9.54 MiB)
distributed.core - INFO - Event loop was unresponsive in Worker for 19.95s.  This is often caused by long-running GIL-holding functions or moving large chunks of data. This can cause timeouts and instability.
distributed.core - INFO - Event loop was unresponsive in Worker for 20.55s.  This is often caused by long-running GIL-holding functions or moving large chunks of data. This can cause timeouts and instability.
distributed.core - INFO - Event loop was unresponsive in Worker for 20.63s.  This is often caused by long-running GIL-holding functions or moving large chunks of data. This can cause timeouts and instability.
distributed.core - INFO - Event loop was unresponsive in Worker for 21.12s.  This is often caused by long-running GIL-holding functions or moving large chunks of data. This can cause timeouts and instability.
distributed.core - INFO - Event loop was unresponsive in Worker for 21.35s.  This is often caused by long-running GIL-holding functions or moving large chunks of data. This can cause timeouts and instability.
distributed.core - INFO - Event loop was unresponsive in Worker for 21.50s.  This is often caused by long-running GIL-holding functions or moving large chunks of data. This can cause timeouts and instability.
distributed.core - INFO - Event loop was unresponsive in Worker for 22.03s.  This is often caused by long-running GIL-holding functions or moving large chunks of data. This can cause timeouts and instability.
distributed.core - INFO - Event loop was unresponsive in Worker for 22.15s.  This is often caused by long-running GIL-holding functions or moving large chunks of data. This can cause timeouts and instability.
distributed.utils_perf - WARNING - full garbage collections took 29% CPU time recently (threshold: 10%)
distributed.core - INFO - Event loop was unresponsive in Worker for 23.54s.  This is often caused by long-running GIL-holding functions or moving large chunks of data. This can cause timeouts and instability.
distributed.worker - INFO - Connection to scheduler broken.  Reconnecting...
distributed.worker - WARNING - Heartbeat to scheduler failed
distributed.worker - WARNING - Heartbeat to scheduler failed
distributed.worker - WARNING - Heartbeat to scheduler failed
distributed.worker - INFO - Connection to scheduler broken.  Reconnecting...
distributed.worker - INFO - Connection to scheduler broken.  Reconnecting...
distributed.worker - WARNING - Heartbeat to scheduler failed
distributed.worker - WARNING - Heartbeat to scheduler failed
distributed.worker - WARNING - Heartbeat to scheduler failed
distributed.worker - INFO - Connection to scheduler broken.  Reconnecting...
distributed.worker - INFO - Connection to scheduler broken.  Reconnecting...
distributed.worker - INFO - Connection to scheduler broken.  Reconnecting...
distributed.worker - INFO - Connection to scheduler broken.  Reconnecting...
distributed.worker - INFO - Connection to scheduler broken.  Reconnecting...
distributed.worker - WARNING - Heartbeat to scheduler failed
distributed.worker - INFO - Connection to scheduler broken.  Reconnecting...
distributed.worker - WARNING - Heartbeat to scheduler failed
distributed.worker - WARNING - Heartbeat to scheduler failed
distributed.worker - INFO - Connection to scheduler broken.  Reconnecting...
distributed.worker - ERROR - failed during get data with tcp://10.99.101.60:36376 -> None
Traceback (most recent call last):
  File "/home/mittal.nit/.conda/envs/yelp_reviews_preprocessing/lib/python3.9/site-packages/distributed/comm/tcp.py", line 196, in read
    frames_nbytes = await stream.read_bytes(fmt_size)
tornado.iostream.StreamClosedError: Stream is closed

The above exception was the direct cause of the following exception:

Traceback (most recent call last):
  File "/home/mittal.nit/.conda/envs/yelp_reviews_preprocessing/lib/python3.9/site-packages/distributed/worker.py", line 1366, in get_data
    response = await comm.read(deserializers=serializers)
  File "/home/mittal.nit/.conda/envs/yelp_reviews_preprocessing/lib/python3.9/site-packages/distributed/comm/tcp.py", line 206, in read
    convert_stream_closed_error(self, e)
  File "/home/mittal.nit/.conda/envs/yelp_reviews_preprocessing/lib/python3.9/site-packages/distributed/comm/tcp.py", line 128, in convert_stream_closed_error
    raise CommClosedError("in %s: %s" % (obj, exc)) from exc
distributed.comm.core.CommClosedError: in <closed TCP>: Stream is closed
distributed.worker - WARNING - Heartbeat to scheduler failed
distributed.core - INFO - Lost connection to 'tcp://10.99.101.32:47810': in <closed TCP>: Stream is closed
distributed.worker - INFO - Stopping worker at tcp://10.99.101.60:44999
distributed.worker - INFO - Stopping worker at tcp://10.99.101.60:36769
distributed.worker - INFO - Stopping worker at tcp://10.99.101.60:45191
distributed.worker - INFO - Stopping worker at tcp://10.99.101.60:42495
distributed.worker - INFO - Stopping worker at tcp://10.99.101.60:37543
distributed.worker - INFO - Stopping worker at tcp://10.99.101.60:33179
distributed.worker - INFO - Stopping worker at tcp://10.99.101.60:45257
distributed.worker - INFO - Stopping worker at tcp://10.99.101.60:33391
distributed.worker - INFO - Stopping worker at tcp://10.99.101.60:43526
distributed.nanny - INFO - Worker closed
distributed.nanny - INFO - Worker closed
distributed.worker - INFO - Stopping worker at tcp://10.99.101.60:36376
distributed.nanny - INFO - Worker closed
distributed.nanny - INFO - Worker closed
distributed.nanny - INFO - Worker closed
distributed.nanny - INFO - Worker closed
distributed.nanny - INFO - Worker closed
distributed.nanny - INFO - Worker closed
distributed.nanny - INFO - Worker closed
distributed.nanny - INFO - Worker closed
distributed.nanny - INFO - Closing Nanny at 'tcp://10.99.101.60:35456'
distributed.nanny - INFO - Closing Nanny at 'tcp://10.99.101.60:46703'
distributed.nanny - INFO - Closing Nanny at 'tcp://10.99.101.60:32924'
distributed.nanny - INFO - Closing Nanny at 'tcp://10.99.101.60:43585'
distributed.nanny - INFO - Closing Nanny at 'tcp://10.99.101.60:38974'
distributed.nanny - INFO - Closing Nanny at 'tcp://10.99.101.60:45931'
distributed.nanny - INFO - Closing Nanny at 'tcp://10.99.101.60:45849'
distributed.nanny - INFO - Closing Nanny at 'tcp://10.99.101.60:43376'
distributed.nanny - INFO - Closing Nanny at 'tcp://10.99.101.60:38413'
distributed.nanny - INFO - Closing Nanny at 'tcp://10.99.101.60:33859'
distributed.dask_worker - INFO - End worker
